d:\mam\pascal\pc65\pc65\debug\vc142.pdb
d:\mam\pascal\pc65\pc65\debug\vc142.idb
d:\mam\pascal\pc65\pc65\debug\compile2.obj
d:\mam\pascal\pc65\pc65\debug\decl.obj
d:\mam\pascal\pc65\pc65\debug\emitasm.obj
d:\mam\pascal\pc65\pc65\debug\emitcode.obj
d:\mam\pascal\pc65\pc65\debug\error.obj
d:\mam\pascal\pc65\pc65\debug\routine.obj
d:\mam\pascal\pc65\pc65\debug\scanner.obj
d:\mam\pascal\pc65\pc65\debug\standard.obj
d:\mam\pascal\pc65\pc65\debug\stmt.obj
d:\mam\pascal\pc65\pc65\debug\symtab.obj
d:\mam\pascal\pc65\pc65\debug\expr.obj
d:\mam\pascal\pc65\pc65\debug\pc65.ilk
d:\mam\pascal\pc65\pc65\debug\pc65.exe
d:\mam\pascal\pc65\pc65\debug\pc65.map
d:\mam\pascal\pc65\pc65\debug\pc65.pdb
d:\mam\pascal\pc65\pc65\debug\pc65.tlog\cl.command.1.tlog
d:\mam\pascal\pc65\pc65\debug\pc65.tlog\cl.read.1.tlog
d:\mam\pascal\pc65\pc65\debug\pc65.tlog\cl.write.1.tlog
d:\mam\pascal\pc65\pc65\debug\pc65.tlog\link.command.1.tlog
d:\mam\pascal\pc65\pc65\debug\pc65.tlog\link.read.1.tlog
d:\mam\pascal\pc65\pc65\debug\pc65.tlog\link.write.1.tlog
