d:\mam\pascal\pc65\pc65\release\vc142.pdb
d:\mam\pascal\pc65\pc65\release\symtab.obj
d:\mam\pascal\pc65\pc65\release\stmt.obj
d:\mam\pascal\pc65\pc65\release\standard.obj
d:\mam\pascal\pc65\pc65\release\scanner.obj
d:\mam\pascal\pc65\pc65\release\routine.obj
d:\mam\pascal\pc65\pc65\release\expr.obj
d:\mam\pascal\pc65\pc65\release\error.obj
d:\mam\pascal\pc65\pc65\release\emitcode.obj
d:\mam\pascal\pc65\pc65\release\emitasm.obj
d:\mam\pascal\pc65\pc65\release\decl.obj
d:\mam\pascal\pc65\pc65\release\compile2.obj
d:\mam\pascal\pc65\pc65\release\pc65.exe
d:\mam\pascal\pc65\pc65\release\pc65.map
d:\mam\pascal\pc65\pc65\release\pc65.pdb
d:\mam\pascal\pc65\pc65\release\pc65.tlog\cl.command.1.tlog
d:\mam\pascal\pc65\pc65\release\pc65.tlog\cl.read.1.tlog
d:\mam\pascal\pc65\pc65\release\pc65.tlog\cl.write.1.tlog
d:\mam\pascal\pc65\pc65\release\pc65.tlog\link.command.1.tlog
d:\mam\pascal\pc65\pc65\release\pc65.tlog\link.read.1.tlog
d:\mam\pascal\pc65\pc65\release\pc65.tlog\link.write.1.tlog
